<?xml version="1.0" encoding="UTF-8"?>
<testsuite xmlns:xsi="http://www.w3.org/2001/XMLSchema-instance" xsi:noNamespaceSchemaLocation="https://maven.apache.org/surefire/maven-surefire-plugin/xsd/surefire-test-report.xsd" name="com.karabinus.cells_in_dist_order.AppTest" time="0.143" tests="2" errors="0" skipped="0" failures="0">
  <properties>
[...]
</properties>
  <testcase name="largeMatrixWithTimeout" classname="com.karabinus.cells_in_dist_order.AppTest" time="0.068"/>
  <testcase name="twoByOneMatrix" classname="com.karabinus.cells_in_dist_order.AppTest" time="0.004"/>
</testsuite>